<?xml version="1.0" encoding="UTF-8"?>
<!-- Generated by org.testng.reporters.JUnitReportReporter -->
<testsuite hostname="LAPTOP-8M4B3L5P" failures="0" tests="1" name="QAExams.TC1" time="11.663" errors="0" timestamp="2022-10-17T17:53:09 IST" skipped="0">
  <testcase classname="QAExams.TC1" name="Testcase1" time="11.663"/>
  <system-out/>
</testsuite> <!-- QAExams.TC1 -->
