<?xml version="1.0" encoding="UTF-8"?>
<!-- Generated by org.testng.reporters.JUnitReportReporter -->
<testsuite hostname="LAPTOP-8M4B3L5P" failures="0" tests="1" name="QAExams.TC3" time="23.544" errors="0" timestamp="2022-10-17T18:11:20 IST" skipped="0">
  <testcase classname="QAExams.TC3" name="Testcase3" time="23.544"/>
  <system-out/>
</testsuite> <!-- QAExams.TC3 -->
